2025-09-04 14:40:25,088 - INFO - Bắt đầu tải 1 video(s)
2025-09-04 14:40:25,097 - INFO - Bắt đầu tải 1 video(s)
2025-09-04 14:40:25,099 - INFO - Thư mục lưu: C:\Users\LAPTOP\Downloads
2025-09-04 14:40:25,105 - INFO - Độ phân giải: Best
2025-09-04 14:40:25,112 - INFO - Cắt video: 30-60s (ngắn: 15s)
2025-09-04 14:40:25,116 - INFO - 
=== Xử lý video 1/1 ===
2025-09-04 14:40:25,117 - INFO - 
=== Xử lý video 1/1 ===
2025-09-04 14:40:25,127 - INFO - Đang tải video: https://www.youtube.com/watch?v=BHJ_FEnR-ZI
2025-09-04 14:40:25,128 - INFO - Đang tải video: https://www.youtube.com/watch?v=BHJ_FEnR-ZI
2025-09-04 14:40:29,985 - INFO - Tiêu đề: NHỮNG ĐIỂM KHEN - CHÊ TRÊN LIMO GREEN
2025-09-04 14:40:29,985 - INFO - Tiêu đề: NHỮNG ĐIỂM KHEN - CHÊ TRÊN LIMO GREEN
2025-09-04 14:40:29,988 - INFO - Thời lượng: 1878 giây
2025-09-04 14:40:29,988 - INFO - Thời lượng: 1878 giây
2025-09-04 14:40:35,779 - INFO - Đã tải xong: C:\Users\LAPTOP\Downloads\NHỮNG ĐIỂM KHEN - CHÊ TRÊN LIMO GREEN_BHJ_FEnR-ZI.mp4
2025-09-04 14:40:35,779 - INFO - Đã tải xong: C:\Users\LAPTOP\Downloads\NHỮNG ĐIỂM KHEN - CHÊ TRÊN LIMO GREEN_BHJ_FEnR-ZI.mp4
2025-09-04 14:40:35,919 - INFO - Thời lượng video gốc: 1877.97 giây
2025-09-04 14:40:35,919 - INFO - Thời lượng video gốc: 1877.97 giây
2025-09-04 14:40:35,922 - INFO - Cắt ngẫu nhiên: 46.03 giây từ 359.44
2025-09-04 14:40:35,922 - INFO - Cắt ngẫu nhiên: 46.03 giây từ 359.44
2025-09-04 14:40:51,486 - INFO - Đã cắt video: C:\Users\LAPTOP\Downloads\NHỮNG ĐIỂM KHEN - CHÊ TRÊN LIMO GREEN_BHJ_FEnR-ZI_cut.mp4
2025-09-04 14:40:51,487 - INFO - Đã cắt video: C:\Users\LAPTOP\Downloads\NHỮNG ĐIỂM KHEN - CHÊ TRÊN LIMO GREEN_BHJ_FEnR-ZI_cut.mp4
2025-09-04 14:40:51,497 - INFO - 
=== Đã xử lý 1 video ===
2025-09-04 14:40:51,498 - INFO - 
=== Đã xử lý 1 video ===
2025-09-04 14:40:51,505 - INFO - 
=== KẾT QUẢ ===
2025-09-04 14:40:51,510 - INFO - Đã xử lý thành công: 1 video
2025-09-04 14:40:51,512 - INFO - 1. NHỮNG ĐIỂM KHEN - CHÊ TRÊN LIMO GREEN_BHJ_FEnR-ZI_cut.mp4 (6.0 MB)
2025-09-04 14:40:51,514 - INFO - 
Tất cả file đã được lưu trong: C:\Users\LAPTOP\Downloads
2025-09-04 14:43:40,945 - INFO - Bắt đầu tải 1 video(s)
2025-09-04 14:43:40,950 - INFO - Bắt đầu tải 1 video(s)
2025-09-04 14:43:40,952 - INFO - Thư mục lưu: C:\Users\LAPTOP\Downloads
2025-09-04 14:43:40,957 - INFO - Độ phân giải: Best
2025-09-04 14:43:40,962 - INFO - Cắt video: 30-60s (ngắn: 15s)
2025-09-04 14:43:40,966 - INFO - 
=== Xử lý video 1/1 ===
2025-09-04 14:43:40,966 - INFO - 
=== Xử lý video 1/1 ===
2025-09-04 14:43:40,980 - INFO - Đang tải video: https://www.youtube.com/watch?v=BHJ_FEnR-ZI
2025-09-04 14:43:40,981 - INFO - Đang tải video: https://www.youtube.com/watch?v=BHJ_FEnR-ZI
2025-09-04 14:43:45,820 - INFO - Tiêu đề: NHỮNG ĐIỂM KHEN - CHÊ TRÊN LIMO GREEN
2025-09-04 14:43:45,820 - INFO - Tiêu đề: NHỮNG ĐIỂM KHEN - CHÊ TRÊN LIMO GREEN
2025-09-04 14:43:45,823 - INFO - Thời lượng: 1878 giây
2025-09-04 14:43:45,823 - INFO - Thời lượng: 1878 giây
2025-09-04 14:44:13,720 - INFO - Đã tải xong: C:\Users\LAPTOP\Downloads\NHỮNG ĐIỂM KHEN - CHÊ TRÊN LIMO GREEN_BHJ_FEnR-ZI.mp4
2025-09-04 14:44:13,720 - INFO - Đã tải xong: C:\Users\LAPTOP\Downloads\NHỮNG ĐIỂM KHEN - CHÊ TRÊN LIMO GREEN_BHJ_FEnR-ZI.mp4
2025-09-04 14:44:13,857 - INFO - Thời lượng video gốc: 1877.97 giây
2025-09-04 14:44:13,857 - INFO - Thời lượng video gốc: 1877.97 giây
2025-09-04 14:44:13,861 - INFO - Cắt ngẫu nhiên: 45.21 giây từ 1111.89
2025-09-04 14:44:13,861 - INFO - Cắt ngẫu nhiên: 45.21 giây từ 1111.89
2025-09-04 14:44:33,689 - INFO - Đã cắt video: C:\Users\LAPTOP\Downloads\NHỮNG ĐIỂM KHEN - CHÊ TRÊN LIMO GREEN_BHJ_FEnR-ZI_cut.mp4
2025-09-04 14:44:33,690 - INFO - Đã cắt video: C:\Users\LAPTOP\Downloads\NHỮNG ĐIỂM KHEN - CHÊ TRÊN LIMO GREEN_BHJ_FEnR-ZI_cut.mp4
2025-09-04 14:44:33,714 - INFO - 
=== Đã xử lý 1 video ===
2025-09-04 14:44:33,714 - INFO - 
=== Đã xử lý 1 video ===
2025-09-04 14:44:33,740 - INFO - 
=== KẾT QUẢ ===
2025-09-04 14:44:33,754 - INFO - Đã xử lý thành công: 1 video
2025-09-04 14:44:33,763 - INFO - 1. NHỮNG ĐIỂM KHEN - CHÊ TRÊN LIMO GREEN_BHJ_FEnR-ZI_cut.mp4 (4.1 MB)
2025-09-04 14:44:33,768 - INFO - 
Tất cả file đã được lưu trong: C:\Users\LAPTOP\Downloads
2025-09-04 15:02:04,186 - INFO - Bắt đầu tải 1 video(s)
2025-09-04 15:02:04,197 - INFO - Bắt đầu tải 1 video(s)
2025-09-04 15:02:04,202 - INFO - Thư mục lưu: C:\Users\LAPTOP\Downloads
2025-09-04 15:02:04,210 - INFO - Độ phân giải: 1080p
2025-09-04 15:02:04,216 - INFO - Cắt video: 30-60s (ngắn: 15s)
2025-09-04 15:02:04,223 - INFO - 
=== Xử lý video 1/1 ===
2025-09-04 15:02:04,223 - INFO - 
=== Xử lý video 1/1 ===
2025-09-04 15:02:04,233 - INFO - Đang tải video: https://www.youtube.com/watch?v=BHJ_FEnR-ZI
2025-09-04 15:02:04,233 - INFO - Đang tải video: https://www.youtube.com/watch?v=BHJ_FEnR-ZI
2025-09-04 15:02:10,622 - INFO - Tiêu đề: NHỮNG ĐIỂM KHEN - CHÊ TRÊN LIMO GREEN
2025-09-04 15:02:10,622 - INFO - Tiêu đề: NHỮNG ĐIỂM KHEN - CHÊ TRÊN LIMO GREEN
2025-09-04 15:02:10,625 - INFO - Thời lượng: 1878 giây
2025-09-04 15:02:10,625 - INFO - Thời lượng: 1878 giây
2025-09-04 15:02:10,627 - INFO - Format selector: bestvideo[height>=1080][ext=mp4]+bestaudio[ext=m4a]/bestvideo[height>=1080]+bestaudio/best[height>=1080][ext=mp4]/best[height>=1080]/best
2025-09-04 15:02:10,628 - INFO - Format selector: bestvideo[height>=1080][ext=mp4]+bestaudio[ext=m4a]/bestvideo[height>=1080]+bestaudio/best[height>=1080][ext=mp4]/best[height>=1080]/best
2025-09-04 15:02:10,630 - INFO - Format selector được sử dụng: bestvideo[height>=1080][ext=mp4]+bestaudio[ext=m4a]/bestvideo[height>=1080]+bestaudio/best[height>=1080][ext=mp4]/best[height>=1080]/best
2025-09-04 15:02:14,681 - INFO - Format được chọn: 401+140 - 3840x2160 - 9783.95kbps - av01.0.12M.08
2025-09-04 15:02:14,682 - INFO - Format được chọn: 401+140 - 3840x2160 - 9783.95kbps - av01.0.12M.08
2025-09-04 15:02:14,684 - INFO - Chi tiết format: ID=401+140, Resolution=3840x2160, VBR=9783.95kbps, Codec=av01.0.12M.08
2025-09-04 15:08:33,498 - INFO - Đã tải xong: C:\Users\LAPTOP\Downloads\NHỮNG ĐIỂM KHEN - CHÊ TRÊN LIMO GREEN_BHJ_FEnR-ZI.mp4
2025-09-04 15:08:33,499 - INFO - Đã tải xong: C:\Users\LAPTOP\Downloads\NHỮNG ĐIỂM KHEN - CHÊ TRÊN LIMO GREEN_BHJ_FEnR-ZI.mp4
2025-09-04 15:08:36,041 - INFO - Thời lượng video gốc: 1877.97 giây
2025-09-04 15:08:36,041 - INFO - Thời lượng video gốc: 1877.97 giây
2025-09-04 15:08:36,046 - INFO - Cắt ngẫu nhiên: 51.15 giây từ 781.26
2025-09-04 15:08:36,046 - INFO - Cắt ngẫu nhiên: 51.15 giây từ 781.26
2025-09-04 16:14:41,908 - INFO - Bắt đầu tải 1 video(s)
2025-09-04 16:14:41,918 - INFO - Bắt đầu tải 1 video(s)
2025-09-04 16:14:41,922 - INFO - Thư mục lưu: C:\Users\LAPTOP\Downloads
2025-09-04 16:14:41,931 - INFO - Độ phân giải: Best
2025-09-04 16:14:41,939 - INFO - Cắt video: 30-60s (ngắn: 15s)
2025-09-04 16:14:41,946 - INFO - 
=== Xử lý video 1/1 ===
2025-09-04 16:14:41,946 - INFO - 
=== Xử lý video 1/1 ===
2025-09-04 16:14:41,959 - INFO - Đang tải video: https://www.youtube.com/watch?v=BHJ_FEnR-ZI
2025-09-04 16:14:41,959 - INFO - Đang tải video: https://www.youtube.com/watch?v=BHJ_FEnR-ZI
2025-09-04 16:14:47,263 - INFO - Tiêu đề: NHỮNG ĐIỂM KHEN - CHÊ TRÊN LIMO GREEN
2025-09-04 16:14:47,263 - INFO - Tiêu đề: NHỮNG ĐIỂM KHEN - CHÊ TRÊN LIMO GREEN
2025-09-04 16:14:47,266 - INFO - Thời lượng: 1878 giây
2025-09-04 16:14:47,266 - INFO - Thời lượng: 1878 giây
2025-09-04 16:14:47,269 - INFO - Format selector: bestvideo[height<=1440][height>=720][ext=mp4]+bestaudio[ext=m4a]/bestvideo[height<=1440][height>=720]+bestaudio/best[height<=1440][height>=720][ext=mp4]/best[height<=1440][height>=720]
2025-09-04 16:14:47,269 - INFO - Format selector: bestvideo[height<=1440][height>=720][ext=mp4]+bestaudio[ext=m4a]/bestvideo[height<=1440][height>=720]+bestaudio/best[height<=1440][height>=720][ext=mp4]/best[height<=1440][height>=720]
2025-09-04 16:14:47,274 - INFO - Format selector được sử dụng: bestvideo[height<=1440][height>=720][ext=mp4]+bestaudio[ext=m4a]/bestvideo[height<=1440][height>=720]+bestaudio/best[height<=1440][height>=720][ext=mp4]/best[height<=1440][height>=720]
2025-09-04 16:14:51,846 - INFO - Format được chọn: 400+140 - 2560x1440 - 4615.277kbps - av01.0.12M.08
2025-09-04 16:14:51,847 - INFO - Format được chọn: 400+140 - 2560x1440 - 4615.277kbps - av01.0.12M.08
2025-09-04 16:14:51,850 - INFO - Chi tiết format: ID=400+140, Resolution=2560x1440, VBR=4615.277kbps, Codec=av01.0.12M.08
2025-09-04 16:15:27,269 - INFO - Đã tải xong: C:\Users\LAPTOP\Downloads\NHỮNG ĐIỂM KHEN - CHÊ TRÊN LIMO GREEN_BHJ_FEnR-ZI.mp4
2025-09-04 16:15:27,269 - INFO - Đã tải xong: C:\Users\LAPTOP\Downloads\NHỮNG ĐIỂM KHEN - CHÊ TRÊN LIMO GREEN_BHJ_FEnR-ZI.mp4
2025-09-04 16:15:28,983 - INFO - Thời lượng video gốc: 1877.97 giây
2025-09-04 16:15:28,983 - INFO - Thời lượng video gốc: 1877.97 giây
2025-09-04 16:15:28,991 - INFO - Cắt ngẫu nhiên: 43.15 giây từ 1820.71
2025-09-04 16:15:28,991 - INFO - Cắt ngẫu nhiên: 43.15 giây từ 1820.71
2025-09-04 16:18:30,771 - INFO - Bắt đầu tải 1 video(s)
2025-09-04 16:18:30,779 - INFO - Bắt đầu tải 1 video(s)
2025-09-04 16:18:30,785 - INFO - Thư mục lưu: C:\Users\LAPTOP\Downloads
2025-09-04 16:18:30,792 - INFO - Độ phân giải: Best
2025-09-04 16:18:30,797 - INFO - 
=== Xử lý video 1/1 ===
2025-09-04 16:18:30,798 - INFO - 
=== Xử lý video 1/1 ===
2025-09-04 16:18:30,810 - INFO - Đang tải video: https://www.youtube.com/watch?v=BHJ_FEnR-ZI
2025-09-04 16:18:30,811 - INFO - Đang tải video: https://www.youtube.com/watch?v=BHJ_FEnR-ZI
2025-09-04 16:18:47,383 - INFO - Tiêu đề: NHỮNG ĐIỂM KHEN - CHÊ TRÊN LIMO GREEN
2025-09-04 16:18:47,383 - INFO - Tiêu đề: NHỮNG ĐIỂM KHEN - CHÊ TRÊN LIMO GREEN
2025-09-04 16:18:47,400 - INFO - Thời lượng: 1878 giây
2025-09-04 16:18:47,403 - INFO - Thời lượng: 1878 giây
2025-09-04 16:18:47,408 - INFO - Format selector: bestvideo[height<=1440][height>=720][ext=mp4]+bestaudio[ext=m4a]/bestvideo[height<=1440][height>=720]+bestaudio/best[height<=1440][height>=720][ext=mp4]/best[height<=1440][height>=720]
2025-09-04 16:18:47,408 - INFO - Format selector: bestvideo[height<=1440][height>=720][ext=mp4]+bestaudio[ext=m4a]/bestvideo[height<=1440][height>=720]+bestaudio/best[height<=1440][height>=720][ext=mp4]/best[height<=1440][height>=720]
2025-09-04 16:18:47,416 - INFO - Format selector được sử dụng: bestvideo[height<=1440][height>=720][ext=mp4]+bestaudio[ext=m4a]/bestvideo[height<=1440][height>=720]+bestaudio/best[height<=1440][height>=720][ext=mp4]/best[height<=1440][height>=720]
2025-09-04 16:18:47,633 - INFO - 
=== Đã xử lý 0 video ===
2025-09-04 16:18:47,637 - INFO - 
=== Đã xử lý 0 video ===
2025-09-04 16:18:49,800 - INFO - Bắt đầu tải 1 video(s)
2025-09-04 16:18:49,811 - INFO - Bắt đầu tải 1 video(s)
2025-09-04 16:18:49,817 - INFO - Thư mục lưu: C:\Users\LAPTOP\Downloads
2025-09-04 16:18:49,823 - INFO - Độ phân giải: Best
2025-09-04 16:18:49,837 - INFO - 
=== Xử lý video 1/1 ===
2025-09-04 16:18:49,837 - INFO - 
=== Xử lý video 1/1 ===
2025-09-04 16:18:49,842 - INFO - Đang tải video: https://www.youtube.com/watch?v=WvZnev3i7gw
2025-09-04 16:18:49,842 - INFO - Đang tải video: https://www.youtube.com/watch?v=WvZnev3i7gw
2025-09-04 16:19:00,766 - INFO - Tiêu đề: ¡Juego Roba Un BrainRot Por Primera Vez y robo Un BrainRot DIOS! Roblox
2025-09-04 16:19:00,771 - INFO - Tiêu đề: ¡Juego Roba Un BrainRot Por Primera Vez y robo Un BrainRot DIOS! Roblox
2025-09-04 16:19:00,780 - INFO - Thời lượng: 2644 giây
2025-09-04 16:19:00,789 - INFO - Thời lượng: 2644 giây
2025-09-04 16:19:00,830 - INFO - Format selector: bestvideo[height<=1440][height>=720][ext=mp4]+bestaudio[ext=m4a]/bestvideo[height<=1440][height>=720]+bestaudio/best[height<=1440][height>=720][ext=mp4]/best[height<=1440][height>=720]
2025-09-04 16:19:00,831 - INFO - Format selector: bestvideo[height<=1440][height>=720][ext=mp4]+bestaudio[ext=m4a]/bestvideo[height<=1440][height>=720]+bestaudio/best[height<=1440][height>=720][ext=mp4]/best[height<=1440][height>=720]
2025-09-04 16:19:00,847 - INFO - Format selector được sử dụng: bestvideo[height<=1440][height>=720][ext=mp4]+bestaudio[ext=m4a]/bestvideo[height<=1440][height>=720]+bestaudio/best[height<=1440][height>=720][ext=mp4]/best[height<=1440][height>=720]
2025-09-04 16:19:14,215 - INFO - Format được chọn: 299+140 - 1920x1080 - 5201.341kbps - avc1.64002a
2025-09-04 16:19:14,218 - INFO - Format được chọn: 299+140 - 1920x1080 - 5201.341kbps - avc1.64002a
2025-09-04 16:19:14,223 - INFO - Chi tiết format: ID=299+140, Resolution=1920x1080, VBR=5201.341kbps, Codec=avc1.64002a
2025-09-04 16:19:58,488 - INFO - Bắt đầu tải 1 video(s)
2025-09-04 16:19:58,502 - INFO - Bắt đầu tải 1 video(s)
2025-09-04 16:19:58,510 - INFO - Thư mục lưu: C:\Users\LAPTOP\Downloads
2025-09-04 16:19:58,517 - INFO - Độ phân giải: 1080p
2025-09-04 16:19:58,525 - INFO - 
=== Xử lý video 1/1 ===
2025-09-04 16:19:58,528 - INFO - 
=== Xử lý video 1/1 ===
2025-09-04 16:19:58,534 - INFO - Đang tải video: https://www.youtube.com/watch?v=WvZnev3i7gw
2025-09-04 16:19:58,535 - INFO - Đang tải video: https://www.youtube.com/watch?v=WvZnev3i7gw
2025-09-04 16:20:09,699 - INFO - Tiêu đề: ¡Juego Roba Un BrainRot Por Primera Vez y robo Un BrainRot DIOS! Roblox
2025-09-04 16:20:09,703 - INFO - Tiêu đề: ¡Juego Roba Un BrainRot Por Primera Vez y robo Un BrainRot DIOS! Roblox
2025-09-04 16:20:09,708 - INFO - Thời lượng: 2644 giây
2025-09-04 16:20:09,709 - INFO - Thời lượng: 2644 giây
2025-09-04 16:20:09,713 - INFO - Format selector: bestvideo[height>=1080][ext=mp4]+bestaudio[ext=m4a]/bestvideo[height>=1080]+bestaudio/best[height>=1080][ext=mp4]/best[height>=1080]/best
2025-09-04 16:20:09,714 - INFO - Format selector: bestvideo[height>=1080][ext=mp4]+bestaudio[ext=m4a]/bestvideo[height>=1080]+bestaudio/best[height>=1080][ext=mp4]/best[height>=1080]/best
2025-09-04 16:20:09,718 - INFO - Format selector được sử dụng: bestvideo[height>=1080][ext=mp4]+bestaudio[ext=m4a]/bestvideo[height>=1080]+bestaudio/best[height>=1080][ext=mp4]/best[height>=1080]/best
2025-09-04 16:25:43,196 - INFO - Bắt đầu tải 1 video(s)
2025-09-04 16:25:43,208 - INFO - Bắt đầu tải 1 video(s)
2025-09-04 16:25:43,215 - INFO - Thư mục lưu: D:/new_tool/downloads
2025-09-04 16:25:43,223 - INFO - Độ phân giải: 1080p
2025-09-04 16:25:43,232 - INFO - 
=== Xử lý video 1/1 ===
2025-09-04 16:25:43,234 - INFO - 
=== Xử lý video 1/1 ===
2025-09-04 16:25:43,244 - INFO - Đang tải video: https://www.youtube.com/watch?v=WvZnev3i7gw
2025-09-04 16:25:43,245 - INFO - Đang tải video: https://www.youtube.com/watch?v=WvZnev3i7gw
2025-09-04 16:26:42,369 - INFO - Bắt đầu tải 1 video(s)
2025-09-04 16:26:42,403 - INFO - Bắt đầu tải 1 video(s)
2025-09-04 16:26:42,411 - INFO - Thư mục lưu: C:\Users\LAPTOP\Downloads
2025-09-04 16:26:42,427 - INFO - Độ phân giải: 1080p
2025-09-04 16:26:42,440 - INFO - Cắt video: 115-120s (ngắn: 70s)
2025-09-04 16:26:42,450 - INFO - 
=== Xử lý video 1/1 ===
2025-09-04 16:26:42,485 - INFO - 
=== Xử lý video 1/1 ===
2025-09-04 16:26:42,516 - INFO - Đang tải video: https://www.youtube.com/watch?v=WvZnev3i7gw
2025-09-04 16:26:42,528 - INFO - Đang tải video: https://www.youtube.com/watch?v=WvZnev3i7gw
2025-09-04 16:27:04,328 - INFO - Tiêu đề: ¡Juego Roba Un BrainRot Por Primera Vez y robo Un BrainRot DIOS! Roblox
2025-09-04 16:27:04,356 - INFO - Tiêu đề: ¡Juego Roba Un BrainRot Por Primera Vez y robo Un BrainRot DIOS! Roblox
2025-09-04 16:27:04,394 - INFO - Thời lượng: 2644 giây
2025-09-04 16:27:04,406 - INFO - Thời lượng: 2644 giây
2025-09-04 16:27:04,430 - INFO - Format selector: bestvideo[height>=1080][ext=mp4]+bestaudio[ext=m4a]/bestvideo[height>=1080]+bestaudio/best[height>=1080][ext=mp4]/best[height>=1080]/best
2025-09-04 16:27:04,435 - INFO - Format selector: bestvideo[height>=1080][ext=mp4]+bestaudio[ext=m4a]/bestvideo[height>=1080]+bestaudio/best[height>=1080][ext=mp4]/best[height>=1080]/best
2025-09-04 16:27:04,480 - INFO - Format selector được sử dụng: bestvideo[height>=1080][ext=mp4]+bestaudio[ext=m4a]/bestvideo[height>=1080]+bestaudio/best[height>=1080][ext=mp4]/best[height>=1080]/best
2025-09-04 16:27:31,169 - INFO - Format được chọn: 299+140 - 1920x1080 - 5201.341kbps - avc1.64002a
2025-09-04 16:27:31,170 - INFO - Format được chọn: 299+140 - 1920x1080 - 5201.341kbps - avc1.64002a
2025-09-04 16:27:31,192 - INFO - Chi tiết format: ID=299+140, Resolution=1920x1080, VBR=5201.341kbps, Codec=avc1.64002a
2025-09-04 16:34:49,871 - INFO - Đã tải xong: C:\Users\LAPTOP\Downloads\Juego Roba Un BrainRot Por Primera Vez y robo Un B_WvZnev3i7gw.mp4
2025-09-04 16:34:49,879 - INFO - Đã tải xong: C:\Users\LAPTOP\Downloads\Juego Roba Un BrainRot Por Primera Vez y robo Un B_WvZnev3i7gw.mp4
2025-09-04 16:34:51,444 - INFO - Thời lượng video gốc: 2643.83 giây
2025-09-04 16:34:51,446 - INFO - Thời lượng video gốc: 2643.83 giây
2025-09-04 16:34:51,459 - INFO - Nối đoạn cuối 54.40s vào đoạn 22
2025-09-04 16:34:51,469 - INFO - Nối đoạn cuối 54.40s vào đoạn 22
2025-09-04 16:34:51,489 - INFO - Sẽ cắt thành 22 đoạn
2025-09-04 16:34:51,502 - INFO - Sẽ cắt thành 22 đoạn
2025-09-04 20:06:35,161 - VideoSplitter - INFO - Starting video splitting: D:\new_tool\downloads\Juego Roba Un BrainRot Por Primera Vez y robo Un B_WvZnev3i7gw.mp4
2025-09-04 20:06:37,605 - VideoSplitter - INFO - Video duration: 2643.83 seconds
2025-09-04 20:06:37,606 - VideoSplitter - INFO - Will create 26 segments
2025-09-04 20:06:37,607 - VideoSplitter - INFO - Creating segment 1: start=0.00s, duration=101.00s
2025-09-04 20:06:37,878 - VideoSplitter - INFO - Segment 1 created successfully: Juego Roba Un BrainRot Por Primera Vez y robo Un B_WvZnev3i7gw_01.mp4
2025-09-04 20:06:37,879 - VideoSplitter - INFO - Creating segment 2: start=101.00s, duration=102.00s
2025-09-04 20:06:38,148 - VideoSplitter - INFO - Segment 2 created successfully: Juego Roba Un BrainRot Por Primera Vez y robo Un B_WvZnev3i7gw_02.mp4
2025-09-04 20:06:38,148 - VideoSplitter - INFO - Creating segment 3: start=203.00s, duration=109.00s
2025-09-04 20:06:38,537 - VideoSplitter - INFO - Segment 3 created successfully: Juego Roba Un BrainRot Por Primera Vez y robo Un B_WvZnev3i7gw_03.mp4
2025-09-04 20:06:38,537 - VideoSplitter - INFO - Creating segment 4: start=312.00s, duration=107.00s
2025-09-04 20:06:38,838 - VideoSplitter - INFO - Segment 4 created successfully: Juego Roba Un BrainRot Por Primera Vez y robo Un B_WvZnev3i7gw_04.mp4
2025-09-04 20:06:38,839 - VideoSplitter - INFO - Creating segment 5: start=419.00s, duration=109.00s
2025-09-04 20:06:39,128 - VideoSplitter - INFO - Segment 5 created successfully: Juego Roba Un BrainRot Por Primera Vez y robo Un B_WvZnev3i7gw_05.mp4
2025-09-04 20:06:39,129 - VideoSplitter - INFO - Creating segment 6: start=528.00s, duration=105.00s
2025-09-04 20:06:39,431 - VideoSplitter - INFO - Segment 6 created successfully: Juego Roba Un BrainRot Por Primera Vez y robo Un B_WvZnev3i7gw_06.mp4
2025-09-04 20:06:39,431 - VideoSplitter - INFO - Creating segment 7: start=633.00s, duration=95.00s
2025-09-04 20:06:39,691 - VideoSplitter - INFO - Segment 7 created successfully: Juego Roba Un BrainRot Por Primera Vez y robo Un B_WvZnev3i7gw_07.mp4
2025-09-04 20:06:39,692 - VideoSplitter - INFO - Creating segment 8: start=728.00s, duration=95.00s
2025-09-04 20:06:40,026 - VideoSplitter - INFO - Segment 8 created successfully: Juego Roba Un BrainRot Por Primera Vez y robo Un B_WvZnev3i7gw_08.mp4
2025-09-04 20:06:40,026 - VideoSplitter - INFO - Creating segment 9: start=823.00s, duration=96.00s
2025-09-04 20:06:40,380 - VideoSplitter - INFO - Segment 9 created successfully: Juego Roba Un BrainRot Por Primera Vez y robo Un B_WvZnev3i7gw_09.mp4
2025-09-04 20:06:40,381 - VideoSplitter - INFO - Creating segment 10: start=919.00s, duration=99.00s
2025-09-04 20:06:40,771 - VideoSplitter - INFO - Segment 10 created successfully: Juego Roba Un BrainRot Por Primera Vez y robo Un B_WvZnev3i7gw_10.mp4
2025-09-04 20:06:40,771 - VideoSplitter - INFO - Creating segment 11: start=1018.00s, duration=97.00s
2025-09-04 20:06:41,182 - VideoSplitter - INFO - Segment 11 created successfully: Juego Roba Un BrainRot Por Primera Vez y robo Un B_WvZnev3i7gw_11.mp4
2025-09-04 20:06:41,183 - VideoSplitter - INFO - Creating segment 12: start=1115.00s, duration=98.00s
2025-09-04 20:06:41,730 - VideoSplitter - INFO - Segment 12 created successfully: Juego Roba Un BrainRot Por Primera Vez y robo Un B_WvZnev3i7gw_12.mp4
2025-09-04 20:06:41,730 - VideoSplitter - INFO - Creating segment 13: start=1213.00s, duration=99.00s
2025-09-04 20:06:42,494 - VideoSplitter - INFO - Segment 13 created successfully: Juego Roba Un BrainRot Por Primera Vez y robo Un B_WvZnev3i7gw_13.mp4
2025-09-04 20:06:42,495 - VideoSplitter - INFO - Creating segment 14: start=1312.00s, duration=99.00s
2025-09-04 20:06:43,190 - VideoSplitter - INFO - Segment 14 created successfully: Juego Roba Un BrainRot Por Primera Vez y robo Un B_WvZnev3i7gw_14.mp4
2025-09-04 20:06:45,299 - VideoSplitter - INFO - Creating segment 15: start=1411.00s, duration=96.00s
2025-09-04 20:06:47,201 - VideoSplitter - INFO - Segment 15 created successfully: Juego Roba Un BrainRot Por Primera Vez y robo Un B_WvZnev3i7gw_15.mp4
2025-09-04 20:06:47,202 - VideoSplitter - INFO - Creating segment 16: start=1507.00s, duration=103.00s
2025-09-04 20:06:47,957 - VideoSplitter - INFO - Segment 16 created successfully: Juego Roba Un BrainRot Por Primera Vez y robo Un B_WvZnev3i7gw_16.mp4
2025-09-04 20:06:47,958 - VideoSplitter - INFO - Creating segment 17: start=1610.00s, duration=102.00s
2025-09-04 20:06:48,314 - VideoSplitter - INFO - Segment 17 created successfully: Juego Roba Un BrainRot Por Primera Vez y robo Un B_WvZnev3i7gw_17.mp4
2025-09-04 20:06:48,315 - VideoSplitter - INFO - Creating segment 18: start=1712.00s, duration=108.00s
2025-09-04 20:06:49,059 - VideoSplitter - INFO - Segment 18 created successfully: Juego Roba Un BrainRot Por Primera Vez y robo Un B_WvZnev3i7gw_18.mp4
2025-09-04 20:06:49,060 - VideoSplitter - INFO - Creating segment 19: start=1820.00s, duration=101.00s
2025-09-04 20:06:49,602 - VideoSplitter - INFO - Segment 19 created successfully: Juego Roba Un BrainRot Por Primera Vez y robo Un B_WvZnev3i7gw_19.mp4
2025-09-04 20:06:49,602 - VideoSplitter - INFO - Creating segment 20: start=1921.00s, duration=108.00s
2025-09-04 20:06:50,437 - VideoSplitter - INFO - Segment 20 created successfully: Juego Roba Un BrainRot Por Primera Vez y robo Un B_WvZnev3i7gw_20.mp4
2025-09-04 20:06:50,438 - VideoSplitter - INFO - Creating segment 21: start=2029.00s, duration=98.00s
2025-09-04 20:06:50,982 - VideoSplitter - INFO - Segment 21 created successfully: Juego Roba Un BrainRot Por Primera Vez y robo Un B_WvZnev3i7gw_21.mp4
2025-09-04 20:06:50,983 - VideoSplitter - INFO - Creating segment 22: start=2127.00s, duration=98.00s
2025-09-04 20:06:51,470 - VideoSplitter - INFO - Segment 22 created successfully: Juego Roba Un BrainRot Por Primera Vez y robo Un B_WvZnev3i7gw_22.mp4
2025-09-04 20:06:51,470 - VideoSplitter - INFO - Creating segment 23: start=2225.00s, duration=108.00s
2025-09-04 20:06:51,861 - VideoSplitter - INFO - Segment 23 created successfully: Juego Roba Un BrainRot Por Primera Vez y robo Un B_WvZnev3i7gw_23.mp4
2025-09-04 20:06:51,862 - VideoSplitter - INFO - Creating segment 24: start=2333.00s, duration=98.00s
2025-09-04 20:06:52,433 - VideoSplitter - INFO - Segment 24 created successfully: Juego Roba Un BrainRot Por Primera Vez y robo Un B_WvZnev3i7gw_24.mp4
2025-09-04 20:06:52,434 - VideoSplitter - INFO - Creating segment 25: start=2431.00s, duration=101.00s
2025-09-04 20:06:53,233 - VideoSplitter - INFO - Segment 25 created successfully: Juego Roba Un BrainRot Por Primera Vez y robo Un B_WvZnev3i7gw_25.mp4
2025-09-04 20:06:53,234 - VideoSplitter - INFO - Creating segment 26: start=2532.00s, duration=111.83s
2025-09-04 20:06:53,698 - VideoSplitter - INFO - Segment 26 created successfully: Juego Roba Un BrainRot Por Primera Vez y robo Un B_WvZnev3i7gw_26.mp4
2025-09-04 20:06:53,699 - VideoSplitter - INFO - Successfully created 26 segments
2025-09-09 14:55:02,000 - VideoSplitter - INFO - Starting video splitting: D:\new_tool\downloads\EL MEJOR JUEGO DEL CALAMAR 2 QUE NO CONOCES Roblox_N58jAeo1zXQ.mp4
2025-09-09 14:55:02,893 - VideoSplitter - INFO - Video duration: 804.03 seconds
2025-09-09 14:55:02,894 - VideoSplitter - INFO - Will create 8 segments
2025-09-09 14:55:02,895 - VideoSplitter - INFO - Creating segment 1: start=0.00s, duration=110.00s
2025-09-09 14:55:03,149 - VideoSplitter - INFO - Segment 1 created successfully: EL MEJOR JUEGO DEL CALAMAR 2 QUE NO CONOCES Roblox_N58jAeo1zXQ_01.mp4
2025-09-09 14:55:03,149 - VideoSplitter - INFO - Creating segment 2: start=110.00s, duration=105.00s
2025-09-09 14:55:03,492 - VideoSplitter - INFO - Segment 2 created successfully: EL MEJOR JUEGO DEL CALAMAR 2 QUE NO CONOCES Roblox_N58jAeo1zXQ_02.mp4
2025-09-09 14:55:03,492 - VideoSplitter - INFO - Creating segment 3: start=215.00s, duration=97.00s
2025-09-09 14:55:03,678 - VideoSplitter - INFO - Segment 3 created successfully: EL MEJOR JUEGO DEL CALAMAR 2 QUE NO CONOCES Roblox_N58jAeo1zXQ_03.mp4
2025-09-09 14:55:03,679 - VideoSplitter - INFO - Creating segment 4: start=312.00s, duration=109.00s
2025-09-09 14:55:03,873 - VideoSplitter - INFO - Segment 4 created successfully: EL MEJOR JUEGO DEL CALAMAR 2 QUE NO CONOCES Roblox_N58jAeo1zXQ_04.mp4
2025-09-09 14:55:03,874 - VideoSplitter - INFO - Creating segment 5: start=421.00s, duration=102.00s
2025-09-09 14:55:04,100 - VideoSplitter - INFO - Segment 5 created successfully: EL MEJOR JUEGO DEL CALAMAR 2 QUE NO CONOCES Roblox_N58jAeo1zXQ_05.mp4
2025-09-09 14:55:04,103 - VideoSplitter - INFO - Creating segment 6: start=523.00s, duration=101.00s
2025-09-09 14:55:04,331 - VideoSplitter - INFO - Segment 6 created successfully: EL MEJOR JUEGO DEL CALAMAR 2 QUE NO CONOCES Roblox_N58jAeo1zXQ_06.mp4
2025-09-09 14:55:04,332 - VideoSplitter - INFO - Creating segment 7: start=624.00s, duration=108.00s
2025-09-09 14:55:04,544 - VideoSplitter - INFO - Segment 7 created successfully: EL MEJOR JUEGO DEL CALAMAR 2 QUE NO CONOCES Roblox_N58jAeo1zXQ_07.mp4
2025-09-09 14:55:04,544 - VideoSplitter - INFO - Creating segment 8: start=732.00s, duration=72.03s
2025-09-09 14:55:04,790 - VideoSplitter - INFO - Segment 8 created successfully: EL MEJOR JUEGO DEL CALAMAR 2 QUE NO CONOCES Roblox_N58jAeo1zXQ_08.mp4
2025-09-09 14:55:04,791 - VideoSplitter - INFO - Successfully created 8 segments
