2025-09-04 16:47:57,815 - INFO - Bắt đầu tải 1 video(s)
2025-09-04 16:47:57,824 - INFO - Bắt đầu tải 1 video(s)
2025-09-04 16:47:57,828 - INFO - Thư mục lưu: C:\Users\LAPTOP\Downloads
2025-09-04 16:47:57,833 - INFO - Độ phân giải: 1080p
2025-09-04 16:47:57,837 - INFO - Cắt video: 115-120s (ngắn: 70s)
2025-09-04 16:47:57,842 - INFO - 
=== Xử lý video 1/1 ===
2025-09-04 16:47:57,844 - INFO - 
=== Xử lý video 1/1 ===
2025-09-04 16:47:57,856 - INFO - Đang tải video: https://www.youtube.com/watch?v=WvZnev3i7gw
2025-09-04 16:47:57,857 - INFO - Đang tải video: https://www.youtube.com/watch?v=WvZnev3i7gw
2025-09-04 16:48:09,396 - INFO - Tiêu đề: ¡Juego Roba Un BrainRot Por Primera Vez y robo Un BrainRot DIOS! Roblox
2025-09-04 16:48:09,398 - INFO - Tiêu đề: ¡Juego Roba Un BrainRot Por Primera Vez y robo Un BrainRot DIOS! Roblox
2025-09-04 16:48:09,405 - INFO - Thời lượng: 2644 giây
2025-09-04 16:48:09,405 - INFO - Thời lượng: 2644 giây
2025-09-04 16:48:09,412 - INFO - Format selector: bestvideo[height<=1080][ext=mp4]+bestaudio[ext=m4a]/bestvideo[height<=1080]+bestaudio/best[height<=1080]
2025-09-04 16:48:09,413 - INFO - Format selector: bestvideo[height<=1080][ext=mp4]+bestaudio[ext=m4a]/bestvideo[height<=1080]+bestaudio/best[height<=1080]
2025-09-04 16:48:09,419 - INFO - Format selector được sử dụng: bestvideo[height<=1080][ext=mp4]+bestaudio[ext=m4a]/bestvideo[height<=1080]+bestaudio/best[height<=1080]
2025-09-04 16:48:15,264 - INFO - Format được chọn: 299+140 - 1920x1080 - 5201.341kbps - avc1.64002a
2025-09-04 16:48:15,264 - INFO - Format được chọn: 299+140 - 1920x1080 - 5201.341kbps - avc1.64002a
2025-09-04 16:48:15,267 - INFO - Chi tiết format: ID=299+140, Resolution=1920x1080, VBR=5201.341kbps, Codec=avc1.64002a
2025-09-04 16:53:20,114 - INFO - Đã tải xong: C:\Users\LAPTOP\Downloads\Juego Roba Un BrainRot Por Primera Vez y robo Un B_WvZnev3i7gw.mp4
2025-09-04 16:53:20,115 - INFO - Đã tải xong: C:\Users\LAPTOP\Downloads\Juego Roba Un BrainRot Por Primera Vez y robo Un B_WvZnev3i7gw.mp4
2025-09-04 16:53:20,622 - INFO - Thời lượng video gốc: 2643.83 giây
2025-09-04 16:53:20,622 - INFO - Thời lượng video gốc: 2643.83 giây
2025-09-04 16:53:20,633 - INFO - Nối đoạn cuối 52.52s vào đoạn 22
2025-09-04 16:53:20,633 - INFO - Nối đoạn cuối 52.52s vào đoạn 22
2025-09-04 16:53:20,642 - INFO - Sẽ cắt thành 22 đoạn
2025-09-04 16:53:20,642 - INFO - Sẽ cắt thành 22 đoạn
2025-09-04 17:04:36,700 - INFO - Bắt đầu tải 1 video(s)
2025-09-04 17:04:36,709 - INFO - Bắt đầu tải 1 video(s)
2025-09-04 17:04:36,714 - INFO - Thư mục lưu: D:\new_tool\downloads
2025-09-04 17:04:36,721 - INFO - Độ phân giải: 1080p
2025-09-04 17:04:36,729 - INFO - Cắt video: 115-120s (ngắn: 70s)
2025-09-04 17:04:36,735 - INFO - 
=== Xử lý video 1/1 ===
2025-09-04 17:04:36,735 - INFO - 
=== Xử lý video 1/1 ===
2025-09-04 17:04:36,747 - INFO - Đang tải video: https://www.youtube.com/watch?v=WvZnev3i7gw
2025-09-04 17:04:36,747 - INFO - Đang tải video: https://www.youtube.com/watch?v=WvZnev3i7gw
2025-09-04 17:04:41,890 - INFO - Tiêu đề: ¡Juego Roba Un BrainRot Por Primera Vez y robo Un BrainRot DIOS! Roblox
2025-09-04 17:04:41,891 - INFO - Tiêu đề: ¡Juego Roba Un BrainRot Por Primera Vez y robo Un BrainRot DIOS! Roblox
2025-09-04 17:04:41,893 - INFO - Thời lượng: 2644 giây
2025-09-04 17:04:41,893 - INFO - Thời lượng: 2644 giây
2025-09-04 17:04:41,895 - INFO - Format selector: bestvideo[height<=1080][ext=mp4]+bestaudio[ext=m4a]/bestvideo[height<=1080]+bestaudio/best[height<=1080]
2025-09-04 17:04:41,895 - INFO - Format selector: bestvideo[height<=1080][ext=mp4]+bestaudio[ext=m4a]/bestvideo[height<=1080]+bestaudio/best[height<=1080]
2025-09-04 17:04:41,899 - INFO - Format selector được sử dụng: bestvideo[height<=1080][ext=mp4]+bestaudio[ext=m4a]/bestvideo[height<=1080]+bestaudio/best[height<=1080]
2025-09-04 17:04:46,611 - INFO - Format được chọn: 299+140 - 1920x1080 - 5201.341kbps - avc1.64002a
2025-09-04 17:04:46,611 - INFO - Format được chọn: 299+140 - 1920x1080 - 5201.341kbps - avc1.64002a
2025-09-04 17:04:46,616 - INFO - Chi tiết format: ID=299+140, Resolution=1920x1080, VBR=5201.341kbps, Codec=avc1.64002a
2025-09-04 17:10:08,247 - INFO - Đã tải xong: D:\new_tool\downloads\Juego Roba Un BrainRot Por Primera Vez y robo Un B_WvZnev3i7gw.mp4
2025-09-04 17:10:08,248 - INFO - Đã tải xong: D:\new_tool\downloads\Juego Roba Un BrainRot Por Primera Vez y robo Un B_WvZnev3i7gw.mp4
2025-09-04 17:10:09,152 - INFO - Thời lượng video gốc: 2643.83 giây
2025-09-04 17:10:09,152 - INFO - Thời lượng video gốc: 2643.83 giây
2025-09-04 17:10:09,161 - INFO - Nối đoạn cuối 54.06s vào đoạn 22
2025-09-04 17:10:09,161 - INFO - Nối đoạn cuối 54.06s vào đoạn 22
2025-09-04 17:10:09,171 - INFO - Sẽ cắt thành 22 đoạn
2025-09-04 17:10:09,175 - INFO - Sẽ cắt thành 22 đoạn
2025-09-04 17:17:50,474 - INFO - Đã cắt đoạn 1: 117.25s -> D:\new_tool\downloads\Juego Roba Un BrainRot Por Primera Vez y robo Un B_WvZnev3i7gw_segments\Juego Roba Un BrainRot Por Primera Vez y robo Un B_WvZnev3i7gw_part01.mp4
2025-09-04 17:17:50,475 - INFO - Đã cắt đoạn 1: 117.25s -> D:\new_tool\downloads\Juego Roba Un BrainRot Por Primera Vez y robo Un B_WvZnev3i7gw_segments\Juego Roba Un BrainRot Por Primera Vez y robo Un B_WvZnev3i7gw_part01.mp4
2025-09-04 17:25:04,136 - INFO - Đã cắt đoạn 2: 117.00s -> D:\new_tool\downloads\Juego Roba Un BrainRot Por Primera Vez y robo Un B_WvZnev3i7gw_segments\Juego Roba Un BrainRot Por Primera Vez y robo Un B_WvZnev3i7gw_part02.mp4
2025-09-04 17:25:04,137 - INFO - Đã cắt đoạn 2: 117.00s -> D:\new_tool\downloads\Juego Roba Un BrainRot Por Primera Vez y robo Un B_WvZnev3i7gw_segments\Juego Roba Un BrainRot Por Primera Vez y robo Un B_WvZnev3i7gw_part02.mp4
2025-09-04 20:00:22,129 - INFO - Bắt đầu tải 1 video(s)
2025-09-04 20:00:22,139 - INFO - Bắt đầu tải 1 video(s)
2025-09-04 20:00:22,143 - INFO - Thư mục lưu: D:\new_tool\downloads
2025-09-04 20:00:22,151 - INFO - Độ phân giải: 1080p
2025-09-04 20:00:22,159 - INFO - Cắt video: 115-120s (ngắn: 70s)
2025-09-04 20:00:22,162 - INFO - 
=== Xử lý video 1/1 ===
2025-09-04 20:00:22,162 - INFO - 
=== Xử lý video 1/1 ===
2025-09-04 20:00:22,170 - INFO - Đang tải video: https://www.youtube.com/watch?v=WvZnev3i7gw
2025-09-04 20:00:22,171 - INFO - Đang tải video: https://www.youtube.com/watch?v=WvZnev3i7gw
2025-09-04 20:00:30,541 - INFO - Tiêu đề: ¡Juego Roba Un BrainRot Por Primera Vez y robo Un BrainRot DIOS! Roblox
2025-09-04 20:00:30,542 - INFO - Tiêu đề: ¡Juego Roba Un BrainRot Por Primera Vez y robo Un BrainRot DIOS! Roblox
2025-09-04 20:00:30,548 - INFO - Thời lượng: 2644 giây
2025-09-04 20:00:30,548 - INFO - Thời lượng: 2644 giây
2025-09-04 20:00:30,556 - INFO - Format selector: bestvideo[height<=1080][ext=mp4]+bestaudio[ext=m4a]/bestvideo[height<=1080]+bestaudio/best[height<=1080]
2025-09-04 20:00:30,556 - INFO - Format selector: bestvideo[height<=1080][ext=mp4]+bestaudio[ext=m4a]/bestvideo[height<=1080]+bestaudio/best[height<=1080]
2025-09-04 20:00:30,564 - INFO - Format selector được sử dụng: bestvideo[height<=1080][ext=mp4]+bestaudio[ext=m4a]/bestvideo[height<=1080]+bestaudio/best[height<=1080]
2025-09-04 20:00:36,586 - INFO - Format được chọn: 299+140 - 1920x1080 - 5201.341kbps - avc1.64002a
2025-09-04 20:00:36,586 - INFO - Format được chọn: 299+140 - 1920x1080 - 5201.341kbps - avc1.64002a
2025-09-04 20:00:36,591 - INFO - Chi tiết format: ID=299+140, Resolution=1920x1080, VBR=5201.341kbps, Codec=avc1.64002a
2025-09-04 20:06:35,153 - INFO - Đã tải xong: D:\new_tool\downloads\Juego Roba Un BrainRot Por Primera Vez y robo Un B_WvZnev3i7gw.mp4
2025-09-04 20:06:35,154 - INFO - Đã tải xong: D:\new_tool\downloads\Juego Roba Un BrainRot Por Primera Vez y robo Un B_WvZnev3i7gw.mp4
2025-09-04 20:06:35,161 - INFO - Starting video splitting: D:\new_tool\downloads\Juego Roba Un BrainRot Por Primera Vez y robo Un B_WvZnev3i7gw.mp4
2025-09-04 20:06:37,605 - INFO - Video duration: 2643.83 seconds
2025-09-04 20:06:37,606 - INFO - Will create 26 segments
2025-09-04 20:06:37,607 - INFO - Creating segment 1: start=0.00s, duration=101.00s
2025-09-04 20:06:37,878 - INFO - Segment 1 created successfully: Juego Roba Un BrainRot Por Primera Vez y robo Un B_WvZnev3i7gw_01.mp4
2025-09-04 20:06:37,879 - INFO - Creating segment 2: start=101.00s, duration=102.00s
2025-09-04 20:06:38,148 - INFO - Segment 2 created successfully: Juego Roba Un BrainRot Por Primera Vez y robo Un B_WvZnev3i7gw_02.mp4
2025-09-04 20:06:38,148 - INFO - Creating segment 3: start=203.00s, duration=109.00s
2025-09-04 20:06:38,537 - INFO - Segment 3 created successfully: Juego Roba Un BrainRot Por Primera Vez y robo Un B_WvZnev3i7gw_03.mp4
2025-09-04 20:06:38,537 - INFO - Creating segment 4: start=312.00s, duration=107.00s
2025-09-04 20:06:38,838 - INFO - Segment 4 created successfully: Juego Roba Un BrainRot Por Primera Vez y robo Un B_WvZnev3i7gw_04.mp4
2025-09-04 20:06:38,839 - INFO - Creating segment 5: start=419.00s, duration=109.00s
2025-09-04 20:06:39,128 - INFO - Segment 5 created successfully: Juego Roba Un BrainRot Por Primera Vez y robo Un B_WvZnev3i7gw_05.mp4
2025-09-04 20:06:39,129 - INFO - Creating segment 6: start=528.00s, duration=105.00s
2025-09-04 20:06:39,431 - INFO - Segment 6 created successfully: Juego Roba Un BrainRot Por Primera Vez y robo Un B_WvZnev3i7gw_06.mp4
2025-09-04 20:06:39,431 - INFO - Creating segment 7: start=633.00s, duration=95.00s
2025-09-04 20:06:39,691 - INFO - Segment 7 created successfully: Juego Roba Un BrainRot Por Primera Vez y robo Un B_WvZnev3i7gw_07.mp4
2025-09-04 20:06:39,692 - INFO - Creating segment 8: start=728.00s, duration=95.00s
2025-09-04 20:06:40,026 - INFO - Segment 8 created successfully: Juego Roba Un BrainRot Por Primera Vez y robo Un B_WvZnev3i7gw_08.mp4
2025-09-04 20:06:40,026 - INFO - Creating segment 9: start=823.00s, duration=96.00s
2025-09-04 20:06:40,380 - INFO - Segment 9 created successfully: Juego Roba Un BrainRot Por Primera Vez y robo Un B_WvZnev3i7gw_09.mp4
2025-09-04 20:06:40,381 - INFO - Creating segment 10: start=919.00s, duration=99.00s
2025-09-04 20:06:40,771 - INFO - Segment 10 created successfully: Juego Roba Un BrainRot Por Primera Vez y robo Un B_WvZnev3i7gw_10.mp4
2025-09-04 20:06:40,771 - INFO - Creating segment 11: start=1018.00s, duration=97.00s
2025-09-04 20:06:41,182 - INFO - Segment 11 created successfully: Juego Roba Un BrainRot Por Primera Vez y robo Un B_WvZnev3i7gw_11.mp4
2025-09-04 20:06:41,183 - INFO - Creating segment 12: start=1115.00s, duration=98.00s
2025-09-04 20:06:41,730 - INFO - Segment 12 created successfully: Juego Roba Un BrainRot Por Primera Vez y robo Un B_WvZnev3i7gw_12.mp4
2025-09-04 20:06:41,730 - INFO - Creating segment 13: start=1213.00s, duration=99.00s
2025-09-04 20:06:42,494 - INFO - Segment 13 created successfully: Juego Roba Un BrainRot Por Primera Vez y robo Un B_WvZnev3i7gw_13.mp4
2025-09-04 20:06:42,495 - INFO - Creating segment 14: start=1312.00s, duration=99.00s
2025-09-04 20:06:43,190 - INFO - Segment 14 created successfully: Juego Roba Un BrainRot Por Primera Vez y robo Un B_WvZnev3i7gw_14.mp4
2025-09-04 20:06:45,299 - INFO - Creating segment 15: start=1411.00s, duration=96.00s
2025-09-04 20:06:47,201 - INFO - Segment 15 created successfully: Juego Roba Un BrainRot Por Primera Vez y robo Un B_WvZnev3i7gw_15.mp4
2025-09-04 20:06:47,202 - INFO - Creating segment 16: start=1507.00s, duration=103.00s
2025-09-04 20:06:47,957 - INFO - Segment 16 created successfully: Juego Roba Un BrainRot Por Primera Vez y robo Un B_WvZnev3i7gw_16.mp4
2025-09-04 20:06:47,958 - INFO - Creating segment 17: start=1610.00s, duration=102.00s
2025-09-04 20:06:48,314 - INFO - Segment 17 created successfully: Juego Roba Un BrainRot Por Primera Vez y robo Un B_WvZnev3i7gw_17.mp4
2025-09-04 20:06:48,315 - INFO - Creating segment 18: start=1712.00s, duration=108.00s
2025-09-04 20:06:49,059 - INFO - Segment 18 created successfully: Juego Roba Un BrainRot Por Primera Vez y robo Un B_WvZnev3i7gw_18.mp4
2025-09-04 20:06:49,060 - INFO - Creating segment 19: start=1820.00s, duration=101.00s
2025-09-04 20:06:49,602 - INFO - Segment 19 created successfully: Juego Roba Un BrainRot Por Primera Vez y robo Un B_WvZnev3i7gw_19.mp4
2025-09-04 20:06:49,602 - INFO - Creating segment 20: start=1921.00s, duration=108.00s
2025-09-04 20:06:50,437 - INFO - Segment 20 created successfully: Juego Roba Un BrainRot Por Primera Vez y robo Un B_WvZnev3i7gw_20.mp4
2025-09-04 20:06:50,438 - INFO - Creating segment 21: start=2029.00s, duration=98.00s
2025-09-04 20:06:50,982 - INFO - Segment 21 created successfully: Juego Roba Un BrainRot Por Primera Vez y robo Un B_WvZnev3i7gw_21.mp4
2025-09-04 20:06:50,983 - INFO - Creating segment 22: start=2127.00s, duration=98.00s
2025-09-04 20:06:51,470 - INFO - Segment 22 created successfully: Juego Roba Un BrainRot Por Primera Vez y robo Un B_WvZnev3i7gw_22.mp4
2025-09-04 20:06:51,470 - INFO - Creating segment 23: start=2225.00s, duration=108.00s
2025-09-04 20:06:51,861 - INFO - Segment 23 created successfully: Juego Roba Un BrainRot Por Primera Vez y robo Un B_WvZnev3i7gw_23.mp4
2025-09-04 20:06:51,862 - INFO - Creating segment 24: start=2333.00s, duration=98.00s
2025-09-04 20:06:52,433 - INFO - Segment 24 created successfully: Juego Roba Un BrainRot Por Primera Vez y robo Un B_WvZnev3i7gw_24.mp4
2025-09-04 20:06:52,434 - INFO - Creating segment 25: start=2431.00s, duration=101.00s
2025-09-04 20:06:53,233 - INFO - Segment 25 created successfully: Juego Roba Un BrainRot Por Primera Vez y robo Un B_WvZnev3i7gw_25.mp4
2025-09-04 20:06:53,234 - INFO - Creating segment 26: start=2532.00s, duration=111.83s
2025-09-04 20:06:53,698 - INFO - Segment 26 created successfully: Juego Roba Un BrainRot Por Primera Vez y robo Un B_WvZnev3i7gw_26.mp4
2025-09-04 20:06:53,699 - INFO - Successfully created 26 segments
2025-09-04 20:06:53,702 - ERROR - Lỗi cắt video thành nhiều đoạn: 'segments'
Traceback (most recent call last):
  File "D:\new_tool\video_downloader.py", line 316, in cut_video_into_segments
    output_files = [segment['path'] for segment in result['segments']]
                                                   ~~~~~~^^^^^^^^^^^^
KeyError: 'segments'
2025-09-04 20:06:53,703 - INFO - Lỗi cắt video thành nhiều đoạn: 'segments'
2025-09-04 20:06:53,704 - INFO - Lỗi cắt video thành nhiều đoạn: 'segments'
2025-09-04 20:06:53,710 - INFO - 
=== Đã xử lý 1 video ===
2025-09-04 20:06:53,710 - INFO - 
=== Đã xử lý 1 video ===
2025-09-04 20:06:53,714 - INFO - 
=== KẾT QUẢ ===
2025-09-04 20:06:53,719 - INFO - Đã xử lý thành công: 1 video
2025-09-04 20:06:53,721 - INFO - 1. Juego Roba Un BrainRot Por Primera Vez y robo Un B_WvZnev3i7gw.mp4 (1.6 GB)
2025-09-04 20:06:53,723 - INFO - 
Tất cả file đã được lưu trong: D:\new_tool\downloads
2025-09-05 08:57:25,976 - DEBUG - Starting new HTTPS connection (1): www.xiaohongshu.com:443
2025-09-05 08:57:28,306 - DEBUG - https://www.xiaohongshu.com:443 "GET /api/sns/web/v1/feed?source_note_id=65596bce000000001f02ee94&image_formats=jpg%2Cwebp%2Cavif&extra=%7B%22need_body_topic%22%3A+%221%22%7D HTTP/1.1" 500 54
2025-09-05 08:57:28,307 - WARNING - Không thể lấy thông tin note 65596bce000000001f02ee94
2025-09-05 09:01:20,585 - DEBUG - Starting new HTTPS connection (1): www.xiaohongshu.com:443
2025-09-05 09:01:21,410 - DEBUG - https://www.xiaohongshu.com:443 "GET /api/sns/web/v1/feed?source_note_id=65596bce000000001f02ee94&image_formats=jpg%2Cwebp%2Cavif&extra=%7B%22need_body_topic%22%3A+%221%22%7D HTTP/1.1" 500 54
2025-09-05 09:01:21,411 - WARNING - Không thể lấy thông tin note 65596bce000000001f02ee94
2025-09-05 09:05:57,191 - DEBUG - Resetting dropped connection: www.xiaohongshu.com
2025-09-05 09:05:57,735 - DEBUG - https://www.xiaohongshu.com:443 "GET /api/sns/web/v1/feed?source_note_id=65596bce000000001f02ee94&image_formats=jpg%2Cwebp%2Cavif&extra=%7B%22need_body_topic%22%3A+%221%22%7D HTTP/1.1" 500 54
2025-09-05 09:05:57,736 - WARNING - Không thể lấy thông tin note 65596bce000000001f02ee94
2025-09-05 09:07:18,780 - DEBUG - Resetting dropped connection: www.xiaohongshu.com
2025-09-05 09:07:19,499 - DEBUG - https://www.xiaohongshu.com:443 "GET /api/sns/web/v1/feed?source_note_id=68b3ead3000000001d027172&image_formats=jpg%2Cwebp%2Cavif&extra=%7B%22need_body_topic%22%3A+%221%22%7D HTTP/1.1" 500 54
2025-09-05 09:07:19,500 - WARNING - Không thể lấy thông tin note 68b3ead3000000001d027172
2025-09-05 09:07:26,860 - DEBUG - https://www.xiaohongshu.com:443 "GET /api/sns/web/v1/feed?source_note_id=68b3ead3000000001d027172&image_formats=jpg%2Cwebp%2Cavif&extra=%7B%22need_body_topic%22%3A+%221%22%7D HTTP/1.1" 500 54
2025-09-05 09:07:26,861 - WARNING - Không thể lấy thông tin note 68b3ead3000000001d027172
2025-09-05 09:07:32,893 - DEBUG - https://www.xiaohongshu.com:443 "GET /api/sns/web/v1/feed?source_note_id=68b3ead3000000001d027172&image_formats=jpg%2Cwebp%2Cavif&extra=%7B%22need_body_topic%22%3A+%221%22%7D HTTP/1.1" 500 54
2025-09-05 09:07:32,894 - WARNING - Không thể lấy thông tin note 68b3ead3000000001d027172
2025-09-05 09:20:00,550 - DEBUG - Starting new HTTPS connection (1): edith.xiaohongshu.com:443
2025-09-05 09:20:01,136 - DEBUG - https://edith.xiaohongshu.com:443 "POST /api/sns/web/v1/feed HTTP/1.1" 406 27
2025-09-05 09:20:01,137 - WARNING - Endpoint https://edith.xiaohongshu.com/api/sns/web/v1/feed trả về status: 406
2025-09-05 09:20:01,138 - DEBUG - Starting new HTTPS connection (1): www.xiaohongshu.com:443
2025-09-05 09:20:01,739 - DEBUG - https://www.xiaohongshu.com:443 "GET /explore/68a5d642000000001d01de27 HTTP/1.1" 302 324
2025-09-05 09:20:01,963 - DEBUG - https://www.xiaohongshu.com:443 "GET /404/sec_fJiradRR?redirectPath=https%3A%2F%2Fwww.xiaohongshu.com%2Fexplore%2F68a5d642000000001d01de27&error_code=300031&error_msg=%E5%BD%93%E5%89%8D%E7%AC%94%E8%AE%B0%E6%9A%82%E6%97%B6%E6%97%A0%E6%B3%95%E6%B5%8F%E8%A7%88&uuid=3743daa9-2596-4083-9b3f-d5557daff8a3 HTTP/1.1" 302 603
2025-09-05 09:20:02,194 - DEBUG - https://www.xiaohongshu.com:443 "GET /404?source=/404/sec_fJiradRR?redirectPath=https%3A%2F%2Fwww.xiaohongshu.com%2Fexplore%2F68a5d642000000001d01de27&error_code=300031&error_msg=%E5%BD%93%E5%89%8D%E7%AC%94%E8%AE%B0%E6%9A%82%E6%97%B6%E6%97%A0%E6%B3%95%E6%B5%8F%E8%A7%88&uuid=3743daa9-2596-4083-9b3f-d5557daff8a3 HTTP/1.1" 200 None
2025-09-05 09:20:02,386 - DEBUG - https://www.xiaohongshu.com:443 "GET /api/sns/web/v1/feed?source_note_id=68a5d642000000001d01de27&image_formats=jpg%2Cwebp%2Cavif&extra=%7B%22need_body_topic%22%3A+%221%22%7D HTTP/1.1" 500 54
2025-09-05 09:20:02,387 - WARNING - Xiaohongshu API trả về lỗi server (500). Link có thể đã bị xóa hoặc không công khai: 68a5d642000000001d01de27
2025-09-05 09:20:02,387 - ERROR - Tất cả endpoint đều thất bại cho note 68a5d642000000001d01de27
2025-09-05 09:23:01,925 - DEBUG - Resetting dropped connection: edith.xiaohongshu.com
2025-09-05 09:23:03,774 - DEBUG - https://edith.xiaohongshu.com:443 "POST /api/sns/web/v1/feed HTTP/1.1" 406 27
2025-09-05 09:23:03,775 - WARNING - Endpoint https://edith.xiaohongshu.com/api/sns/web/v1/feed trả về status: 406
2025-09-05 09:23:03,778 - DEBUG - Resetting dropped connection: www.xiaohongshu.com
2025-09-05 09:23:05,497 - DEBUG - https://www.xiaohongshu.com:443 "GET /explore/68a7e7bc000000001b02341c HTTP/1.1" 302 324
2025-09-05 09:23:05,674 - DEBUG - https://www.xiaohongshu.com:443 "GET /404/sec_vVkeMEbH?redirectPath=https%3A%2F%2Fwww.xiaohongshu.com%2Fexplore%2F68a7e7bc000000001b02341c&error_code=300031&error_msg=%E5%BD%93%E5%89%8D%E7%AC%94%E8%AE%B0%E6%9A%82%E6%97%B6%E6%97%A0%E6%B3%95%E6%B5%8F%E8%A7%88&uuid=fdd1037a-ca34-46ae-80d9-627a97cf8368 HTTP/1.1" 302 603
2025-09-05 09:23:05,834 - DEBUG - https://www.xiaohongshu.com:443 "GET /404?source=/404/sec_vVkeMEbH?redirectPath=https%3A%2F%2Fwww.xiaohongshu.com%2Fexplore%2F68a7e7bc000000001b02341c&error_code=300031&error_msg=%E5%BD%93%E5%89%8D%E7%AC%94%E8%AE%B0%E6%9A%82%E6%97%B6%E6%97%A0%E6%B3%95%E6%B5%8F%E8%A7%88&uuid=fdd1037a-ca34-46ae-80d9-627a97cf8368 HTTP/1.1" 200 None
2025-09-05 09:23:05,996 - DEBUG - https://www.xiaohongshu.com:443 "GET /api/sns/web/v1/feed?source_note_id=68a7e7bc000000001b02341c&image_formats=jpg%2Cwebp%2Cavif&extra=%7B%22need_body_topic%22%3A+%221%22%7D HTTP/1.1" 500 54
2025-09-05 09:23:05,999 - WARNING - Xiaohongshu API trả về lỗi server (500). Link có thể đã bị xóa hoặc không công khai: 68a7e7bc000000001b02341c
2025-09-05 09:23:06,001 - ERROR - Tất cả endpoint đều thất bại cho note 68a7e7bc000000001b02341c
2025-09-09 14:51:16,117 - INFO - Bắt đầu tải 1 video(s)
2025-09-09 14:51:16,127 - INFO - Bắt đầu tải 1 video(s)
2025-09-09 14:51:16,129 - INFO - Thư mục lưu: D:\new_tool\downloads
2025-09-09 14:51:16,134 - INFO - Độ phân giải: 1080p
2025-09-09 14:51:16,139 - INFO - Cắt video: 115-120s (ngắn: 70s)
2025-09-09 14:51:16,145 - INFO - 
=== Xử lý video 1/1 ===
2025-09-09 14:51:16,145 - INFO - 
=== Xử lý video 1/1 ===
2025-09-09 14:51:16,156 - INFO - Đang tải video: https://www.youtube.com/watch?v=N58jAeo1zXQ
2025-09-09 14:51:16,156 - INFO - Đang tải video: https://www.youtube.com/watch?v=N58jAeo1zXQ
2025-09-09 14:51:25,568 - INFO - Tiêu đề: ¡EL MEJOR JUEGO DEL CALAMAR 2 QUE NO CONOCES! Roblox
2025-09-09 14:51:25,568 - INFO - Tiêu đề: ¡EL MEJOR JUEGO DEL CALAMAR 2 QUE NO CONOCES! Roblox
2025-09-09 14:51:25,570 - INFO - Thời lượng: 804 giây
2025-09-09 14:51:25,570 - INFO - Thời lượng: 804 giây
2025-09-09 14:51:25,572 - INFO - Format selector: bestvideo[height<=1080][ext=mp4]+bestaudio[ext=m4a]/bestvideo[height<=1080]+bestaudio/best[height<=1080]
2025-09-09 14:51:25,572 - INFO - Format selector: bestvideo[height<=1080][ext=mp4]+bestaudio[ext=m4a]/bestvideo[height<=1080]+bestaudio/best[height<=1080]
2025-09-09 14:51:25,575 - INFO - Format selector được sử dụng: bestvideo[height<=1080][ext=mp4]+bestaudio[ext=m4a]/bestvideo[height<=1080]+bestaudio/best[height<=1080]
2025-09-09 14:51:32,848 - INFO - Format được chọn: 299+140 - 1920x1080 - 2935.309kbps - avc1.64002a
2025-09-09 14:51:32,848 - INFO - Format được chọn: 299+140 - 1920x1080 - 2935.309kbps - avc1.64002a
2025-09-09 14:51:32,851 - INFO - Chi tiết format: ID=299+140, Resolution=1920x1080, VBR=2935.309kbps, Codec=avc1.64002a
2025-09-09 14:55:01,995 - INFO - Đã tải xong: D:\new_tool\downloads\EL MEJOR JUEGO DEL CALAMAR 2 QUE NO CONOCES Roblox_N58jAeo1zXQ.mp4
2025-09-09 14:55:01,995 - INFO - Đã tải xong: D:\new_tool\downloads\EL MEJOR JUEGO DEL CALAMAR 2 QUE NO CONOCES Roblox_N58jAeo1zXQ.mp4
2025-09-09 14:55:02,000 - INFO - Starting video splitting: D:\new_tool\downloads\EL MEJOR JUEGO DEL CALAMAR 2 QUE NO CONOCES Roblox_N58jAeo1zXQ.mp4
2025-09-09 14:55:02,893 - INFO - Video duration: 804.03 seconds
2025-09-09 14:55:02,894 - INFO - Will create 8 segments
2025-09-09 14:55:02,895 - INFO - Creating segment 1: start=0.00s, duration=110.00s
2025-09-09 14:55:03,149 - INFO - Segment 1 created successfully: EL MEJOR JUEGO DEL CALAMAR 2 QUE NO CONOCES Roblox_N58jAeo1zXQ_01.mp4
2025-09-09 14:55:03,149 - INFO - Creating segment 2: start=110.00s, duration=105.00s
2025-09-09 14:55:03,492 - INFO - Segment 2 created successfully: EL MEJOR JUEGO DEL CALAMAR 2 QUE NO CONOCES Roblox_N58jAeo1zXQ_02.mp4
2025-09-09 14:55:03,492 - INFO - Creating segment 3: start=215.00s, duration=97.00s
2025-09-09 14:55:03,678 - INFO - Segment 3 created successfully: EL MEJOR JUEGO DEL CALAMAR 2 QUE NO CONOCES Roblox_N58jAeo1zXQ_03.mp4
2025-09-09 14:55:03,679 - INFO - Creating segment 4: start=312.00s, duration=109.00s
2025-09-09 14:55:03,873 - INFO - Segment 4 created successfully: EL MEJOR JUEGO DEL CALAMAR 2 QUE NO CONOCES Roblox_N58jAeo1zXQ_04.mp4
2025-09-09 14:55:03,874 - INFO - Creating segment 5: start=421.00s, duration=102.00s
2025-09-09 14:55:04,100 - INFO - Segment 5 created successfully: EL MEJOR JUEGO DEL CALAMAR 2 QUE NO CONOCES Roblox_N58jAeo1zXQ_05.mp4
2025-09-09 14:55:04,103 - INFO - Creating segment 6: start=523.00s, duration=101.00s
2025-09-09 14:55:04,331 - INFO - Segment 6 created successfully: EL MEJOR JUEGO DEL CALAMAR 2 QUE NO CONOCES Roblox_N58jAeo1zXQ_06.mp4
2025-09-09 14:55:04,332 - INFO - Creating segment 7: start=624.00s, duration=108.00s
2025-09-09 14:55:04,544 - INFO - Segment 7 created successfully: EL MEJOR JUEGO DEL CALAMAR 2 QUE NO CONOCES Roblox_N58jAeo1zXQ_07.mp4
2025-09-09 14:55:04,544 - INFO - Creating segment 8: start=732.00s, duration=72.03s
2025-09-09 14:55:04,790 - INFO - Segment 8 created successfully: EL MEJOR JUEGO DEL CALAMAR 2 QUE NO CONOCES Roblox_N58jAeo1zXQ_08.mp4
2025-09-09 14:55:04,791 - INFO - Successfully created 8 segments
2025-09-09 14:55:04,792 - INFO - Đã cắt thành 8 đoạn
2025-09-09 14:55:04,792 - INFO - Đã cắt thành 8 đoạn
2025-09-09 14:55:04,795 - INFO - Đã cắt thành 8 đoạn video
2025-09-09 14:55:04,795 - INFO - Đã cắt thành 8 đoạn video
2025-09-09 14:55:04,801 - INFO - 
=== Đã xử lý 8 video ===
2025-09-09 14:55:04,801 - INFO - 
=== Đã xử lý 8 video ===
2025-09-09 14:55:04,807 - INFO - 
=== KẾT QUẢ ===
2025-09-09 14:55:04,810 - INFO - Đã xử lý thành công: 8 video
2025-09-09 14:55:04,812 - INFO - 1. EL MEJOR JUEGO DEL CALAMAR 2 QUE NO CONOCES Roblox_N58jAeo1zXQ_01.mp4 (43.7 MB)
2025-09-09 14:55:04,814 - INFO - 2. EL MEJOR JUEGO DEL CALAMAR 2 QUE NO CONOCES Roblox_N58jAeo1zXQ_02.mp4 (23.2 MB)
2025-09-09 14:55:04,815 - INFO - 3. EL MEJOR JUEGO DEL CALAMAR 2 QUE NO CONOCES Roblox_N58jAeo1zXQ_03.mp4 (30.6 MB)
2025-09-09 14:55:04,817 - INFO - 4. EL MEJOR JUEGO DEL CALAMAR 2 QUE NO CONOCES Roblox_N58jAeo1zXQ_04.mp4 (35.7 MB)
2025-09-09 14:55:04,820 - INFO - 5. EL MEJOR JUEGO DEL CALAMAR 2 QUE NO CONOCES Roblox_N58jAeo1zXQ_05.mp4 (47.0 MB)
2025-09-09 14:55:04,822 - INFO - 6. EL MEJOR JUEGO DEL CALAMAR 2 QUE NO CONOCES Roblox_N58jAeo1zXQ_06.mp4 (53.8 MB)
2025-09-09 14:55:04,824 - INFO - 7. EL MEJOR JUEGO DEL CALAMAR 2 QUE NO CONOCES Roblox_N58jAeo1zXQ_07.mp4 (44.8 MB)
2025-09-09 14:55:04,825 - INFO - 8. EL MEJOR JUEGO DEL CALAMAR 2 QUE NO CONOCES Roblox_N58jAeo1zXQ_08.mp4 (19.5 MB)
2025-09-09 14:55:04,826 - INFO - 
Tất cả file đã được lưu trong: D:\new_tool\downloads
